<?xml version="1.0" encoding="UTF-8"?>
<testsuite xmlns:xsi="http://www.w3.org/2001/XMLSchema-instance" xsi:noNamespaceSchemaLocation="https://maven.apache.org/surefire/maven-surefire-plugin/xsd/surefire-test-report.xsd" name="MyRESTTest" time="1.798" tests="2" errors="0" skipped="0" failures="1">
  <properties>
    <property name="sun.desktop" value="windows"/>
    <property name="awt.toolkit" value="sun.awt.windows.WToolkit"/>
    <property name="file.encoding.pkg" value="sun.io"/>
    <property name="java.specification.version" value="1.8"/>
    <property name="sun.cpu.isalist" value="amd64"/>
    <property name="sun.jnu.encoding" value="Cp1250"/>
    <property name="java.class.path" value="C:\eloadasra\code\testautomation\unirest\target\test-classes;C:\eloadasra\code\testautomation\unirest\target\classes;C:\Users\hkoko\.m2\repository\com\mashape\unirest\unirest-java\1.4.9\unirest-java-1.4.9.jar;C:\Users\hkoko\.m2\repository\org\apache\httpcomponents\httpclient\4.3.6\httpclient-4.3.6.jar;C:\Users\hkoko\.m2\repository\org\apache\httpcomponents\httpcore\4.3.3\httpcore-4.3.3.jar;C:\Users\hkoko\.m2\repository\commons-logging\commons-logging\1.1.3\commons-logging-1.1.3.jar;C:\Users\hkoko\.m2\repository\commons-codec\commons-codec\1.6\commons-codec-1.6.jar;C:\Users\hkoko\.m2\repository\org\apache\httpcomponents\httpasyncclient\4.0.2\httpasyncclient-4.0.2.jar;C:\Users\hkoko\.m2\repository\org\apache\httpcomponents\httpcore-nio\4.3.2\httpcore-nio-4.3.2.jar;C:\Users\hkoko\.m2\repository\org\apache\httpcomponents\httpmime\4.3.6\httpmime-4.3.6.jar;C:\Users\hkoko\.m2\repository\org\json\json\20140107\json-20140107.jar;C:\Users\hkoko\.m2\repository\org\testng\testng\6.14.3\testng-6.14.3.jar;C:\Users\hkoko\.m2\repository\com\beust\jcommander\1.72\jcommander-1.72.jar;C:\Users\hkoko\.m2\repository\org\apache-extras\beanshell\bsh\2.0b6\bsh-2.0b6.jar;C:\Users\hkoko\.m2\repository\log4j\log4j\1.2.17\log4j-1.2.17.jar;C:\Users\hkoko\.m2\repository\org\hamcrest\java-hamcrest\2.0.0.0\java-hamcrest-2.0.0.0.jar;C:\Users\hkoko\.m2\repository\org\apache\maven\surefire\surefire-testng-utils\2.21.0\surefire-testng-utils-2.21.0.jar;C:\Users\hkoko\.m2\repository\org\apache\maven\surefire\surefire-grouper\2.21.0\surefire-grouper-2.21.0.jar;"/>
    <property name="java.vm.vendor" value="Oracle Corporation"/>
    <property name="sun.arch.data.model" value="64"/>
    <property name="user.variant" value=""/>
    <property name="java.vendor.url" value="http://java.oracle.com/"/>
    <property name="user.timezone" value=""/>
    <property name="user.country.format" value="HU"/>
    <property name="java.vm.specification.version" value="1.8"/>
    <property name="os.name" value="Windows 10"/>
    <property name="user.country" value="US"/>
    <property name="sun.java.launcher" value="SUN_STANDARD"/>
    <property name="sun.boot.library.path" value="C:\Program Files\Java\jdk1.8.0_111\jre\bin"/>
    <property name="sun.java.command" value="C:\Users\hkoko\AppData\Local\Temp\surefire2524659795928244133\surefirebooter7204772201343360617.jar C:\Users\hkoko\AppData\Local\Temp\surefire2524659795928244133 2018-05-12T12-05-40_932-jvmRun1 surefire4495955522478137930tmp surefire_04202266971858824932tmp"/>
    <property name="surefire.test.class.path" value="C:\eloadasra\code\testautomation\unirest\target\test-classes;C:\eloadasra\code\testautomation\unirest\target\classes;C:\Users\hkoko\.m2\repository\com\mashape\unirest\unirest-java\1.4.9\unirest-java-1.4.9.jar;C:\Users\hkoko\.m2\repository\org\apache\httpcomponents\httpclient\4.3.6\httpclient-4.3.6.jar;C:\Users\hkoko\.m2\repository\org\apache\httpcomponents\httpcore\4.3.3\httpcore-4.3.3.jar;C:\Users\hkoko\.m2\repository\commons-logging\commons-logging\1.1.3\commons-logging-1.1.3.jar;C:\Users\hkoko\.m2\repository\commons-codec\commons-codec\1.6\commons-codec-1.6.jar;C:\Users\hkoko\.m2\repository\org\apache\httpcomponents\httpasyncclient\4.0.2\httpasyncclient-4.0.2.jar;C:\Users\hkoko\.m2\repository\org\apache\httpcomponents\httpcore-nio\4.3.2\httpcore-nio-4.3.2.jar;C:\Users\hkoko\.m2\repository\org\apache\httpcomponents\httpmime\4.3.6\httpmime-4.3.6.jar;C:\Users\hkoko\.m2\repository\org\json\json\20140107\json-20140107.jar;C:\Users\hkoko\.m2\repository\org\testng\testng\6.14.3\testng-6.14.3.jar;C:\Users\hkoko\.m2\repository\com\beust\jcommander\1.72\jcommander-1.72.jar;C:\Users\hkoko\.m2\repository\org\apache-extras\beanshell\bsh\2.0b6\bsh-2.0b6.jar;C:\Users\hkoko\.m2\repository\log4j\log4j\1.2.17\log4j-1.2.17.jar;C:\Users\hkoko\.m2\repository\org\hamcrest\java-hamcrest\2.0.0.0\java-hamcrest-2.0.0.0.jar;C:\Users\hkoko\.m2\repository\org\apache\maven\surefire\surefire-testng-utils\2.21.0\surefire-testng-utils-2.21.0.jar;C:\Users\hkoko\.m2\repository\org\apache\maven\surefire\surefire-grouper\2.21.0\surefire-grouper-2.21.0.jar;"/>
    <property name="sun.cpu.endian" value="little"/>
    <property name="user.home" value="C:\Users\hkoko"/>
    <property name="user.language" value="en"/>
    <property name="java.specification.vendor" value="Oracle Corporation"/>
    <property name="java.home" value="C:\Program Files\Java\jdk1.8.0_111\jre"/>
    <property name="basedir" value="C:\eloadasra\code\testautomation\unirest"/>
    <property name="file.separator" value="\"/>
    <property name="line.separator" value="&#10;"/>
    <property name="java.vm.specification.vendor" value="Oracle Corporation"/>
    <property name="java.specification.name" value="Java Platform API Specification"/>
    <property name="java.awt.graphicsenv" value="sun.awt.Win32GraphicsEnvironment"/>
    <property name="surefire.real.class.path" value="C:\Users\hkoko\AppData\Local\Temp\surefire2524659795928244133\surefirebooter7204772201343360617.jar"/>
    <property name="sun.boot.class.path" value="C:\Program Files\Java\jdk1.8.0_111\jre\lib\resources.jar;C:\Program Files\Java\jdk1.8.0_111\jre\lib\rt.jar;C:\Program Files\Java\jdk1.8.0_111\jre\lib\sunrsasign.jar;C:\Program Files\Java\jdk1.8.0_111\jre\lib\jsse.jar;C:\Program Files\Java\jdk1.8.0_111\jre\lib\jce.jar;C:\Program Files\Java\jdk1.8.0_111\jre\lib\charsets.jar;C:\Program Files\Java\jdk1.8.0_111\jre\lib\jfr.jar;C:\Program Files\Java\jdk1.8.0_111\jre\classes"/>
    <property name="user.script" value=""/>
    <property name="sun.management.compiler" value="HotSpot 64-Bit Tiered Compilers"/>
    <property name="java.runtime.version" value="1.8.0_111-b14"/>
    <property name="user.name" value="hkoko"/>
    <property name="path.separator" value=";"/>
    <property name="os.version" value="10.0"/>
    <property name="java.endorsed.dirs" value="C:\Program Files\Java\jdk1.8.0_111\jre\lib\endorsed"/>
    <property name="java.runtime.name" value="Java(TM) SE Runtime Environment"/>
    <property name="file.encoding" value="Cp1250"/>
    <property name="java.vm.name" value="Java HotSpot(TM) 64-Bit Server VM"/>
    <property name="localRepository" value="C:\Users\hkoko\.m2\repository"/>
    <property name="java.vendor.url.bug" value="http://bugreport.sun.com/bugreport/"/>
    <property name="java.io.tmpdir" value="C:\Users\hkoko\AppData\Local\Temp\"/>
    <property name="java.version" value="1.8.0_111"/>
    <property name="user.dir" value="C:\eloadasra\code\testautomation\unirest"/>
    <property name="os.arch" value="amd64"/>
    <property name="java.vm.specification.name" value="Java Virtual Machine Specification"/>
    <property name="java.awt.printerjob" value="sun.awt.windows.WPrinterJob"/>
    <property name="user.language.format" value="hu"/>
    <property name="sun.os.patch.level" value=""/>
    <property name="java.library.path" value="C:\Program Files\Java\jdk1.8.0_111\jre\bin;C:\WINDOWS\Sun\Java\bin;C:\WINDOWS\system32;C:\WINDOWS;C:\ProgramData\Oracle\Java\javapath;C:\WINDOWS\system32;C:\WINDOWS;C:\WINDOWS\System32\Wbem;C:\WINDOWS\System32\WindowsPowerShell\v1.0\;C:\Program Files\nodejs\;C:\Program Files\Git\cmd;C:\Program Files (x86)\Skype\Phone\;C:\Program Files (x86)\Windows Kits\8.1\Windows Performance Toolkit\;C:\apache-maven-3.5.3\bin;C:\Users\hkoko\Downloads\libs;C:\Users\hkoko\AppData\Local\Microsoft\WindowsApps;C:\Users\hkoko\AppData\Roaming\npm;C:\Program Files\Python36;C:\driver;;."/>
    <property name="java.vm.info" value="mixed mode"/>
    <property name="java.vendor" value="Oracle Corporation"/>
    <property name="java.vm.version" value="25.111-b14"/>
    <property name="java.ext.dirs" value="C:\Program Files\Java\jdk1.8.0_111\jre\lib\ext;C:\WINDOWS\Sun\Java\lib\ext"/>
    <property name="sun.io.unicode.encoding" value="UnicodeLittle"/>
    <property name="java.class.version" value="52.0"/>
  </properties>
  <testcase name="alwaysFailTest" classname="MyRESTTest" time="0.031">
    <failure message="&#10;Expected: is &lt;200&gt;&#10;     but: was &lt;199&gt;" type="java.lang.AssertionError"><![CDATA[java.lang.AssertionError: 

Expected: is <200>
     but: was <199>
	at MyRESTTest.alwaysFailTest(MyRESTTest.java:45)
]]></failure>
    <system-out><![CDATA[2018-05-12 12:05:43 INFO  MyRESTTest:44 - This test will always fail...
]]></system-out>
  </testcase>
  <testcase name="checkResultTest" classname="MyRESTTest" time="0.759"/>
</testsuite>